Sart
[Start Indrirunquery] modele Indri
[Indrirunquery ended]
Traitement requete : 669
Traitement requete : 668
Traitement requete : 667
Traitement requete : 666
Traitement requete : 665
Traitement requete : 664
Traitement requete : 663
Traitement requete : 662
Traitement requete : 661
Traitement requete : 660
Traitement requete : 627
Traitement requete : 626
Traitement requete : 692
Traitement requete : 693
Traitement requete : 690
Traitement requete : 691
Traitement requete : 696
Traitement requete : 697
Traitement requete : 694
Traitement requete : 695
Traitement requete : 698
Traitement requete : 699
Traitement requete : 344
Traitement requete : 345
Traitement requete : 346
Traitement requete : 347
Traitement requete : 340
Traitement requete : 341
Traitement requete : 342
Traitement requete : 343
Traitement requete : 348
Traitement requete : 349
Traitement requete : 409
Traitement requete : 408
Traitement requete : 700
Traitement requete : 628
Traitement requete : 678
Traitement requete : 679
Traitement requete : 674
Traitement requete : 675
Traitement requete : 676
Traitement requete : 677
Traitement requete : 670
Traitement requete : 671
Traitement requete : 672
Traitement requete : 673
Traitement requete : 421
Traitement requete : 420
Traitement requete : 442
Traitement requete : 423
Traitement requete : 422
Traitement requete : 425
Traitement requete : 424
Traitement requete : 379
Traitement requete : 378
Traitement requete : 416
Traitement requete : 417
Traitement requete : 410
Traitement requete : 411
Traitement requete : 412
Traitement requete : 413
Traitement requete : 371
Traitement requete : 370
Traitement requete : 373
Traitement requete : 372
Traitement requete : 375
Traitement requete : 374
Traitement requete : 377
Traitement requete : 376
Traitement requete : 319
Traitement requete : 318
Traitement requete : 313
Traitement requete : 312
Traitement requete : 311
Traitement requete : 310
Traitement requete : 317
Traitement requete : 316
Traitement requete : 315
Traitement requete : 314
Traitement requete : 393
Traitement requete : 392
Traitement requete : 391
Traitement requete : 390
Traitement requete : 397
Traitement requete : 396
Traitement requete : 395
Traitement requete : 394
Traitement requete : 399
Traitement requete : 398
Traitement requete : 414
Traitement requete : 415
Traitement requete : 429
Traitement requete : 428
Traitement requete : 447
Traitement requete : 368
Traitement requete : 369
Traitement requete : 366
Traitement requete : 367
Traitement requete : 364
Traitement requete : 365
Traitement requete : 362
Traitement requete : 363
Traitement requete : 360
Traitement requete : 361
Traitement requete : 308
Traitement requete : 309
Traitement requete : 449
Traitement requete : 440
Traitement requete : 443
Traitement requete : 301
Traitement requete : 302
Traitement requete : 303
Traitement requete : 304
Traitement requete : 305
Traitement requete : 306
Traitement requete : 307
Traitement requete : 380
Traitement requete : 381
Traitement requete : 382
Traitement requete : 383
Traitement requete : 384
Traitement requete : 385
Traitement requete : 386
Traitement requete : 387
Traitement requete : 388
Traitement requete : 389
Traitement requete : 444
Traitement requete : 418
Traitement requete : 419
Traitement requete : 445
Traitement requete : 640
Traitement requete : 643
Traitement requete : 642
Traitement requete : 645
Traitement requete : 644
Traitement requete : 438
Traitement requete : 439
Traitement requete : 436
Traitement requete : 437
Traitement requete : 434
Traitement requete : 435
Traitement requete : 432
Traitement requete : 433
Traitement requete : 430
Traitement requete : 431
Traitement requete : 623
Traitement requete : 622
Traitement requete : 621
Traitement requete : 620
Traitement requete : 339
Traitement requete : 338
Traitement requete : 625
Traitement requete : 624
Traitement requete : 335
Traitement requete : 334
Traitement requete : 337
Traitement requete : 336
Traitement requete : 331
Traitement requete : 330
Traitement requete : 333
Traitement requete : 332
Traitement requete : 683
Traitement requete : 629
Traitement requete : 407
Traitement requete : 406
Traitement requete : 405
Traitement requete : 656
Traitement requete : 657
Traitement requete : 654
Traitement requete : 404
Traitement requete : 652
Traitement requete : 653
Traitement requete : 650
Traitement requete : 651
Traitement requete : 403
Traitement requete : 658
Traitement requete : 402
Traitement requete : 630
Traitement requete : 631
Traitement requete : 632
Traitement requete : 633
Traitement requete : 634
Traitement requete : 401
Traitement requete : 636
Traitement requete : 637
Traitement requete : 638
Traitement requete : 639
Traitement requete : 400
Traitement requete : 446
Traitement requete : 659
Traitement requete : 427
Traitement requete : 605
Traitement requete : 604
Traitement requete : 607
Traitement requete : 606
Traitement requete : 601
Traitement requete : 603
Traitement requete : 602
Traitement requete : 609
Traitement requete : 608
Traitement requete : 426
Traitement requete : 635
Traitement requete : 641
Traitement requete : 448
Traitement requete : 441
Traitement requete : 322
Traitement requete : 323
Traitement requete : 320
Traitement requete : 321
Traitement requete : 326
Traitement requete : 327
Traitement requete : 324
Traitement requete : 325
Traitement requete : 614
Traitement requete : 689
Traitement requete : 328
Traitement requete : 329
Traitement requete : 646
Traitement requete : 688
Traitement requete : 618
Traitement requete : 619
Traitement requete : 647
Traitement requete : 612
Traitement requete : 613
Traitement requete : 610
Traitement requete : 611
Traitement requete : 616
Traitement requete : 617
Traitement requete : 450
Traitement requete : 615
Traitement requete : 649
Traitement requete : 648
Traitement requete : 655
Traitement requete : 686
Traitement requete : 357
Traitement requete : 356
Traitement requete : 355
Traitement requete : 354
Traitement requete : 353
Traitement requete : 352
Traitement requete : 351
Traitement requete : 350
Traitement requete : 685
Traitement requete : 684
Traitement requete : 687
Traitement requete : 682
Traitement requete : 681
Traitement requete : 680
Traitement requete : 359
Traitement requete : 358
[Start runquery]
/osirim/sig/CORPUS-TRAV/TREC-ADHOC/indri-5.8/runquery/IndriRunQuery /projets/sig/PROJET/PRINCESS/code/param/configIndriOkapi_indri_robust2004_discWidth50.param /osirim/sig/PROJET/PRINCESS/code/param/query.robust2004.topics.param > /projets/sig/PROJET/PRINCESS/code/princess/feature_extraction/temp/resultIndriModelOkapi_indri_robust2004_discWidth50.txt
[runquery ended]
[Start runquery]
/osirim/sig/CORPUS-TRAV/TREC-ADHOC/indri-5.8/runquery/IndriRunQuery /projets/sig/PROJET/PRINCESS/code/param/configIndriTfidf_indri_robust2004_discWidth50.param /osirim/sig/PROJET/PRINCESS/code/param/query.robust2004.topics.param > /projets/sig/PROJET/PRINCESS/code/princess/feature_extraction/temp/resultIndriModelTfidf_indri_robust2004_discWidth50.txt
[runquery ended]
[Start runquery]
/osirim/sig/CORPUS-TRAV/TREC-ADHOC/indri-5.8/runquery/IndriRunQuery /projets/sig/PROJET/PRINCESS/code/param/configIndrimodel_indri_robust2004_discWidth50.param /osirim/sig/PROJET/PRINCESS/code/param/query.robust2004.topics.param > /projets/sig/PROJET/PRINCESS/code/princess/feature_extraction/temp/resultIndriModelIndri_indri_robust2004_discWidth50.txt
[runquery ended]
[Start Indrirunquery] modele Indri
[Indrirunquery ended]
Traitement requete : 669
Traitement requete : 668
Traitement requete : 667
Traitement requete : 666
Traitement requete : 665
Traitement requete : 664
Traitement requete : 663
Traitement requete : 662
Traitement requete : 661
Traitement requete : 660
Traitement requete : 627
Traitement requete : 626
Traitement requete : 692
Traitement requete : 693
Traitement requete : 690
Traitement requete : 691
Traitement requete : 696
Traitement requete : 697
Traitement requete : 694
Traitement requete : 695
Traitement requete : 698
Traitement requete : 699
Traitement requete : 344
Traitement requete : 345
Traitement requete : 346
Traitement requete : 347
Traitement requete : 340
Traitement requete : 341
Traitement requete : 342
Traitement requete : 343
Traitement requete : 348
Traitement requete : 349
Traitement requete : 409
Traitement requete : 408
Traitement requete : 700
Traitement requete : 628
Traitement requete : 678
Traitement requete : 679
Traitement requete : 674
Traitement requete : 675
Traitement requete : 676
Traitement requete : 677
Traitement requete : 670
Traitement requete : 671
Traitement requete : 672
Traitement requete : 673
Traitement requete : 421
Traitement requete : 420
Traitement requete : 442
Traitement requete : 423
Traitement requete : 422
Traitement requete : 425
Traitement requete : 424
Traitement requete : 379
Traitement requete : 378
Traitement requete : 416
Traitement requete : 417
Traitement requete : 410
Traitement requete : 411
Traitement requete : 412
Traitement requete : 413
Traitement requete : 371
Traitement requete : 370
Traitement requete : 373
Traitement requete : 372
Traitement requete : 375
Traitement requete : 374
Traitement requete : 377
Traitement requete : 376
Traitement requete : 319
Traitement requete : 318
Traitement requete : 313
Traitement requete : 312
Traitement requete : 311
Traitement requete : 310
Traitement requete : 317
Traitement requete : 316
Traitement requete : 315
Traitement requete : 314
Traitement requete : 393
Traitement requete : 392
Traitement requete : 391
Traitement requete : 390
Traitement requete : 397
Traitement requete : 396
Traitement requete : 395
Traitement requete : 394
Traitement requete : 399
Traitement requete : 398
Traitement requete : 414
Traitement requete : 415
Traitement requete : 429
Traitement requete : 428
Traitement requete : 447
Traitement requete : 368
Traitement requete : 369
Traitement requete : 366
Traitement requete : 367
Traitement requete : 364
Traitement requete : 365
Traitement requete : 362
Traitement requete : 363
Traitement requete : 360
Traitement requete : 361
Traitement requete : 308
Traitement requete : 309
Traitement requete : 449
Traitement requete : 440
Traitement requete : 443
Traitement requete : 301
Traitement requete : 302
Traitement requete : 303
Traitement requete : 304
Traitement requete : 305
Traitement requete : 306
Traitement requete : 307
Traitement requete : 380
Traitement requete : 381
Traitement requete : 382
Traitement requete : 383
Traitement requete : 384
Traitement requete : 385
Traitement requete : 386
Traitement requete : 387
Traitement requete : 388
Traitement requete : 389
Traitement requete : 444
Traitement requete : 418
Traitement requete : 419
Traitement requete : 445
Traitement requete : 640
Traitement requete : 643
Traitement requete : 642
Traitement requete : 645
Traitement requete : 644
Traitement requete : 438
Traitement requete : 439
Traitement requete : 436
Traitement requete : 437
Traitement requete : 434
Traitement requete : 435
Traitement requete : 432
Traitement requete : 433
Traitement requete : 430
Traitement requete : 431
Traitement requete : 623
Traitement requete : 622
Traitement requete : 621
Traitement requete : 620
Traitement requete : 339
Traitement requete : 338
Traitement requete : 625
Traitement requete : 624
Traitement requete : 335
Traitement requete : 334
Traitement requete : 337
Traitement requete : 336
Traitement requete : 331
Traitement requete : 330
Traitement requete : 333
Traitement requete : 332
Traitement requete : 683
Traitement requete : 629
Traitement requete : 407
Traitement requete : 406
Traitement requete : 405
Traitement requete : 656
Traitement requete : 657
Traitement requete : 654
Traitement requete : 404
Traitement requete : 652
Traitement requete : 653
Traitement requete : 650
Traitement requete : 651
Traitement requete : 403
Traitement requete : 658
Traitement requete : 402
Traitement requete : 630
Traitement requete : 631
Traitement requete : 632
Traitement requete : 633
Traitement requete : 634
Traitement requete : 401
Traitement requete : 636
Traitement requete : 637
Traitement requete : 638
Traitement requete : 639
Traitement requete : 400
Traitement requete : 446
Traitement requete : 659
Traitement requete : 427
Traitement requete : 605
Traitement requete : 604
Traitement requete : 607
Traitement requete : 606
Traitement requete : 601
Traitement requete : 603
Traitement requete : 602
Traitement requete : 609
Traitement requete : 608
Traitement requete : 426
Traitement requete : 635
Traitement requete : 641
Traitement requete : 448
Traitement requete : 441
Traitement requete : 322
Traitement requete : 323
Traitement requete : 320
Traitement requete : 321
Traitement requete : 326
Traitement requete : 327
Traitement requete : 324
Traitement requete : 325
Traitement requete : 614
Traitement requete : 689
Traitement requete : 328
Traitement requete : 329
Traitement requete : 646
Traitement requete : 688
Traitement requete : 618
Traitement requete : 619
Traitement requete : 647
Traitement requete : 612
Traitement requete : 613
Traitement requete : 610
Traitement requete : 611
Traitement requete : 616
Traitement requete : 617
Traitement requete : 450
Traitement requete : 615
Traitement requete : 649
Traitement requete : 648
Traitement requete : 655
Traitement requete : 686
Traitement requete : 357
Traitement requete : 356
Traitement requete : 355
Traitement requete : 354
Traitement requete : 353
Traitement requete : 352
Traitement requete : 351
Traitement requete : 350
Traitement requete : 685
Traitement requete : 684
Traitement requete : 687
Traitement requete : 682
Traitement requete : 681
Traitement requete : 680
Traitement requete : 359
Traitement requete : 358
[Start runquery]
/osirim/sig/CORPUS-TRAV/TREC-ADHOC/indri-5.8/runquery/IndriRunQuery /projets/sig/PROJET/PRINCESS/code/param/configIndriOkapi_indri_robust2004_discWidth50.param /osirim/sig/PROJET/PRINCESS/code/param/query.robust2004.topics.param > /projets/sig/PROJET/PRINCESS/code/princess/feature_extraction/temp/resultIndriModelOkapi_indri_robust2004_discWidth50.txt
[runquery ended]
[Start runquery]
/osirim/sig/CORPUS-TRAV/TREC-ADHOC/indri-5.8/runquery/IndriRunQuery /projets/sig/PROJET/PRINCESS/code/param/configIndriTfidf_indri_robust2004_discWidth50.param /osirim/sig/PROJET/PRINCESS/code/param/query.robust2004.topics.param > /projets/sig/PROJET/PRINCESS/code/princess/feature_extraction/temp/resultIndriModelTfidf_indri_robust2004_discWidth50.txt
[runquery ended]
[Start runquery]
/osirim/sig/CORPUS-TRAV/TREC-ADHOC/indri-5.8/runquery/IndriRunQuery /projets/sig/PROJET/PRINCESS/code/param/configIndrimodel_indri_robust2004_discWidth50.param /osirim/sig/PROJET/PRINCESS/code/param/query.robust2004.topics.param > /projets/sig/PROJET/PRINCESS/code/princess/feature_extraction/temp/resultIndriModelIndri_indri_robust2004_discWidth50.txt
[runquery ended]
[Start Indrirunquery] modele Indri
[Indrirunquery ended]
Traitement requete : 669
Traitement requete : 668
Traitement requete : 667
Traitement requete : 666
Traitement requete : 665
Traitement requete : 664
Traitement requete : 663
Traitement requete : 662
Traitement requete : 661
Traitement requete : 660
Traitement requete : 627
Traitement requete : 626
Traitement requete : 692
Traitement requete : 693
Traitement requete : 690
Traitement requete : 691
Traitement requete : 696
Traitement requete : 697
Traitement requete : 694
Traitement requete : 695
Traitement requete : 698
Traitement requete : 699
Traitement requete : 344
Traitement requete : 345
Traitement requete : 346
Traitement requete : 347
Traitement requete : 340
Traitement requete : 341
Traitement requete : 342
Traitement requete : 343
Traitement requete : 348
Traitement requete : 349
Traitement requete : 409
Traitement requete : 408
Traitement requete : 700
Traitement requete : 628
Traitement requete : 678
Traitement requete : 679
Traitement requete : 674
Traitement requete : 675
Traitement requete : 676
Traitement requete : 677
Traitement requete : 670
Traitement requete : 671
Traitement requete : 672
Traitement requete : 673
Traitement requete : 421
Traitement requete : 420
Traitement requete : 442
Traitement requete : 423
Traitement requete : 422
Traitement requete : 425
Traitement requete : 424
Traitement requete : 379
Traitement requete : 378
Traitement requete : 416
Traitement requete : 417
Traitement requete : 410
Traitement requete : 411
Traitement requete : 412
Traitement requete : 413
Traitement requete : 371
Traitement requete : 370
Traitement requete : 373
Traitement requete : 372
Traitement requete : 375
Traitement requete : 374
Traitement requete : 377
Traitement requete : 376
Traitement requete : 319
Traitement requete : 318
Traitement requete : 313
Traitement requete : 312
Traitement requete : 311
Traitement requete : 310
Traitement requete : 317
Traitement requete : 316
Traitement requete : 315
Traitement requete : 314
Traitement requete : 393
Traitement requete : 392
Traitement requete : 391
Traitement requete : 390
Traitement requete : 397
Traitement requete : 396
Traitement requete : 395
Traitement requete : 394
Traitement requete : 399
Traitement requete : 398
Traitement requete : 414
Traitement requete : 415
Traitement requete : 429
Traitement requete : 428
Traitement requete : 447
Traitement requete : 368
Traitement requete : 369
Traitement requete : 366
Traitement requete : 367
Traitement requete : 364
Traitement requete : 365
Traitement requete : 362
Traitement requete : 363
Traitement requete : 360
Traitement requete : 361
Traitement requete : 308
Traitement requete : 309
Traitement requete : 449
Traitement requete : 440
Traitement requete : 443
Traitement requete : 301
Traitement requete : 302
Traitement requete : 303
Traitement requete : 304
Traitement requete : 305
Traitement requete : 306
Traitement requete : 307
Traitement requete : 380
Traitement requete : 381
Traitement requete : 382
Traitement requete : 383
Traitement requete : 384
Traitement requete : 385
Traitement requete : 386
Traitement requete : 387
Traitement requete : 388
Traitement requete : 389
Traitement requete : 444
Traitement requete : 418
Traitement requete : 419
Traitement requete : 445
Traitement requete : 640
Traitement requete : 643
Traitement requete : 642
Traitement requete : 645
Traitement requete : 644
Traitement requete : 438
Traitement requete : 439
Traitement requete : 436
Traitement requete : 437
Traitement requete : 434
Traitement requete : 435
Traitement requete : 432
Traitement requete : 433
Traitement requete : 430
Traitement requete : 431
Traitement requete : 623
Traitement requete : 622
Traitement requete : 621
Traitement requete : 620
Traitement requete : 339
Traitement requete : 338
Traitement requete : 625
Traitement requete : 624
Traitement requete : 335
Traitement requete : 334
Traitement requete : 337
Traitement requete : 336
Traitement requete : 331
Traitement requete : 330
Traitement requete : 333
Traitement requete : 332
Traitement requete : 683
Traitement requete : 629
Traitement requete : 407
Traitement requete : 406
Traitement requete : 405
Traitement requete : 656
Traitement requete : 657
Traitement requete : 654
Traitement requete : 404
Traitement requete : 652
Traitement requete : 653
Traitement requete : 650
Traitement requete : 651
Traitement requete : 403
Traitement requete : 658
Traitement requete : 402
Traitement requete : 630
Traitement requete : 631
Traitement requete : 632
Traitement requete : 633
Traitement requete : 634
Traitement requete : 401
Traitement requete : 636
Traitement requete : 637
Traitement requete : 638
Traitement requete : 639
Traitement requete : 400
Traitement requete : 446
Traitement requete : 659
Traitement requete : 427
Traitement requete : 605
Traitement requete : 604
Traitement requete : 607
Traitement requete : 606
Traitement requete : 601
Traitement requete : 603
Traitement requete : 602
Traitement requete : 609
Traitement requete : 608
Traitement requete : 426
Traitement requete : 635
Traitement requete : 641
Traitement requete : 448
Traitement requete : 441
Traitement requete : 322
Traitement requete : 323
Traitement requete : 320
Traitement requete : 321
Traitement requete : 326
Traitement requete : 327
Traitement requete : 324
Traitement requete : 325
Traitement requete : 614
Traitement requete : 689
Traitement requete : 328
Traitement requete : 329
Traitement requete : 646
Traitement requete : 688
Traitement requete : 618
Traitement requete : 619
Traitement requete : 647
Traitement requete : 612
Traitement requete : 613
Traitement requete : 610
Traitement requete : 611
Traitement requete : 616
Traitement requete : 617
Traitement requete : 450
Traitement requete : 615
Traitement requete : 649
Traitement requete : 648
Traitement requete : 655
Traitement requete : 686
Traitement requete : 357
Traitement requete : 356
Traitement requete : 355
Traitement requete : 354
Traitement requete : 353
Traitement requete : 352
Traitement requete : 351
Traitement requete : 350
Traitement requete : 685
Traitement requete : 684
Traitement requete : 687
Traitement requete : 682
Traitement requete : 681
Traitement requete : 680
Traitement requete : 359
Traitement requete : 358
[Start runquery]
/osirim/sig/CORPUS-TRAV/TREC-ADHOC/indri-5.8/runquery/IndriRunQuery /projets/sig/PROJET/PRINCESS/code/param/configIndriOkapi_indri_robust2004_discWidth50.param /osirim/sig/PROJET/PRINCESS/code/param/query.robust2004.topics.param > /projets/sig/PROJET/PRINCESS/code/princess/feature_extraction/temp/resultIndriModelOkapi_indri_robust2004_discWidth50.txt
[runquery ended]
[Start runquery]
/osirim/sig/CORPUS-TRAV/TREC-ADHOC/indri-5.8/runquery/IndriRunQuery /projets/sig/PROJET/PRINCESS/code/param/configIndriTfidf_indri_robust2004_discWidth50.param /osirim/sig/PROJET/PRINCESS/code/param/query.robust2004.topics.param > /projets/sig/PROJET/PRINCESS/code/princess/feature_extraction/temp/resultIndriModelTfidf_indri_robust2004_discWidth50.txt
[runquery ended]
[Start runquery]
/osirim/sig/CORPUS-TRAV/TREC-ADHOC/indri-5.8/runquery/IndriRunQuery /projets/sig/PROJET/PRINCESS/code/param/configIndrimodel_indri_robust2004_discWidth50.param /osirim/sig/PROJET/PRINCESS/code/param/query.robust2004.topics.param > /projets/sig/PROJET/PRINCESS/code/princess/feature_extraction/temp/resultIndriModelIndri_indri_robust2004_discWidth50.txt
[runquery ended]
Time = 7041.712322 s
